dt = 0.05, theta = 0.5, Tmax = 10.0
dt = 0.05, theta = 0.5, Tmax = 10.0
dt = 0.05, theta = 0.5, Tmax = 10.0
Step 0001 | t = 0.0500
Process 1: Solving nonlinear variational problem.
Process 2: Solving nonlinear variational problem.
Process 0: Solving nonlinear variational problem.
dt = 0.05, theta = 0.5, Tmax = 10.0
Process 3: Solving nonlinear variational problem.
  Process 0: Newton iteration 0: r (abs) = 2.020e+01 (tol = 1.000e-08) r (rel) = 1.000e+00 (tol = 1.000e-08)
  Process 0: Newton iteration 1: r (abs) = 1.309e-01 (tol = 1.000e-08) r (rel) = 6.482e-03 (tol = 1.000e-08)
  Process 0: Newton iteration 2: r (abs) = 1.975e-04 (tol = 1.000e-08) r (rel) = 9.777e-06 (tol = 1.000e-08)
  Process 0: Newton iteration 3: r (abs) = 1.938e-09 (tol = 1.000e-08) r (rel) = 9.597e-11 (tol = 1.000e-08)
  Process 0: Newton solver finished in 3 iterations and 3 linear solver iterations.
Process 2: Solving nonlinear variational problem.
time spent in one time step =  2.4816739559173584
Step 0002 | t = 0.1000
Process 1: Solving nonlinear variational problem.
Process 3: Solving nonlinear variational problem.
Process 0: Solving nonlinear variational problem.
  Process 0: Newton iteration 0: r (abs) = 1.822e+03 (tol = 1.000e-08) r (rel) = 1.000e+00 (tol = 1.000e-08)
  Process 0: Newton iteration 1: r (abs) = 5.503e+00 (tol = 1.000e-08) r (rel) = 3.021e-03 (tol = 1.000e-08)
  Process 0: Newton iteration 2: r (abs) = 4.278e-03 (tol = 1.000e-08) r (rel) = 2.348e-06 (tol = 1.000e-08)
  Process 0: Newton iteration 3: r (abs) = 1.863e-07 (tol = 1.000e-08) r (rel) = 1.023e-10 (tol = 1.000e-08)
  Process 0: Newton solver finished in 3 iterations and 3 linear solver iterations.
Process 2: Solving nonlinear variational problem.
time spent in one time step =  1.8066229820251465
Step 0003 | t = 0.1500
Process 0: Solving nonlinear variational problem.
Process 1: Solving nonlinear variational problem.
Process 3: Solving nonlinear variational problem.
  Process 0: Newton iteration 0: r (abs) = 5.866e+01 (tol = 1.000e-08) r (rel) = 1.000e+00 (tol = 1.000e-08)
  Process 0: Newton iteration 1: r (abs) = 1.253e+00 (tol = 1.000e-08) r (rel) = 2.136e-02 (tol = 1.000e-08)
  Process 0: Newton iteration 2: r (abs) = 3.404e-03 (tol = 1.000e-08) r (rel) = 5.803e-05 (tol = 1.000e-08)
  Process 0: Newton iteration 3: r (abs) = 3.428e-07 (tol = 1.000e-08) r (rel) = 5.845e-09 (tol = 1.000e-08)
  Process 0: Newton solver finished in 3 iterations and 3 linear solver iterations.
Process 2: Solving nonlinear variational problem.
time spent in one time step =  1.8118956089019775
Step 0004 | t = 0.2000
Process 1: Solving nonlinear variational problem.
Process 3: Solving nonlinear variational problem.
Process 0: Solving nonlinear variational problem.
  Process 0: Newton iteration 0: r (abs) = 5.967e+01 (tol = 1.000e-08) r (rel) = 1.000e+00 (tol = 1.000e-08)
  Process 0: Newton iteration 1: r (abs) = 7.735e-01 (tol = 1.000e-08) r (rel) = 1.296e-02 (tol = 1.000e-08)
  Process 0: Newton iteration 2: r (abs) = 2.649e-03 (tol = 1.000e-08) r (rel) = 4.439e-05 (tol = 1.000e-08)
  Process 0: Newton iteration 3: r (abs) = 1.156e-07 (tol = 1.000e-08) r (rel) = 1.938e-09 (tol = 1.000e-08)
  Process 0: Newton solver finished in 3 iterations and 3 linear solver iterations.
Process 2: Solving nonlinear variational problem.
time spent in one time step =  1.816606044769287
Step 0005 | t = 0.2500
Process 1: Solving nonlinear variational problem.
Process 3: Solving nonlinear variational problem.
Process 0: Solving nonlinear variational problem.
  Process 0: Newton iteration 0: r (abs) = 6.085e+01 (tol = 1.000e-08) r (rel) = 1.000e+00 (tol = 1.000e-08)
  Process 0: Newton iteration 1: r (abs) = 7.466e-01 (tol = 1.000e-08) r (rel) = 1.227e-02 (tol = 1.000e-08)
  Process 0: Newton iteration 2: r (abs) = 2.649e-03 (tol = 1.000e-08) r (rel) = 4.354e-05 (tol = 1.000e-08)
  Process 0: Newton iteration 3: r (abs) = 7.677e-08 (tol = 1.000e-08) r (rel) = 1.262e-09 (tol = 1.000e-08)
  Process 0: Newton solver finished in 3 iterations and 3 linear solver iterations.
Process 2: Solving nonlinear variational problem.
time spent in one time step =  1.8023478984832764
Step 0006 | t = 0.3000
Process 1: Solving nonlinear variational problem.
Process 3: Solving nonlinear variational problem.
Process 0: Solving nonlinear variational problem.
  Process 0: Newton iteration 0: r (abs) = 6.200e+01 (tol = 1.000e-08) r (rel) = 1.000e+00 (tol = 1.000e-08)
  Process 0: Newton iteration 1: r (abs) = 8.517e-01 (tol = 1.000e-08) r (rel) = 1.374e-02 (tol = 1.000e-08)
  Process 0: Newton iteration 2: r (abs) = 2.380e-03 (tol = 1.000e-08) r (rel) = 3.839e-05 (tol = 1.000e-08)
  Process 0: Newton iteration 3: r (abs) = 5.107e-08 (tol = 1.000e-08) r (rel) = 8.237e-10 (tol = 1.000e-08)
  Process 0: Newton solver finished in 3 iterations and 3 linear solver iterations.
Process 2: Solving nonlinear variational problem.
time spent in one time step =  1.790217399597168
Step 0007 | t = 0.3500
Process 1: Solving nonlinear variational problem.
Process 3: Solving nonlinear variational problem.
Process 0: Solving nonlinear variational problem.
  Process 0: Newton iteration 0: r (abs) = 6.307e+01 (tol = 1.000e-08) r (rel) = 1.000e+00 (tol = 1.000e-08)
  Process 0: Newton iteration 1: r (abs) = 9.085e-01 (tol = 1.000e-08) r (rel) = 1.441e-02 (tol = 1.000e-08)
  Process 0: Newton iteration 2: r (abs) = 1.987e-03 (tol = 1.000e-08) r (rel) = 3.151e-05 (tol = 1.000e-08)
  Process 0: Newton iteration 3: r (abs) = 2.474e-08 (tol = 1.000e-08) r (rel) = 3.923e-10 (tol = 1.000e-08)
  Process 0: Newton solver finished in 3 iterations and 3 linear solver iterations.
Process 2: Solving nonlinear variational problem.
time spent in one time step =  1.7784156799316406
Step 0008 | t = 0.4000
Process 1: Solving nonlinear variational problem.
Process 3: Solving nonlinear variational problem.
Process 0: Solving nonlinear variational problem.
  Process 0: Newton iteration 0: r (abs) = 6.402e+01 (tol = 1.000e-08) r (rel) = 1.000e+00 (tol = 1.000e-08)
  Process 0: Newton iteration 1: r (abs) = 9.634e-01 (tol = 1.000e-08) r (rel) = 1.505e-02 (tol = 1.000e-08)
  Process 0: Newton iteration 2: r (abs) = 1.685e-03 (tol = 1.000e-08) r (rel) = 2.632e-05 (tol = 1.000e-08)
  Process 0: Newton iteration 3: r (abs) = 1.909e-08 (tol = 1.000e-08) r (rel) = 2.982e-10 (tol = 1.000e-08)
  Process 0: Newton solver finished in 3 iterations and 3 linear solver iterations.
Process 2: Solving nonlinear variational problem.
time spent in one time step =  1.7851810455322266
Step 0009 | t = 0.4500
Process 1: Solving nonlinear variational problem.
Process 3: Solving nonlinear variational problem.
Process 0: Solving nonlinear variational problem.
  Process 0: Newton iteration 0: r (abs) = 6.491e+01 (tol = 1.000e-08) r (rel) = 1.000e+00 (tol = 1.000e-08)
  Process 0: Newton iteration 1: r (abs) = 9.945e-01 (tol = 1.000e-08) r (rel) = 1.532e-02 (tol = 1.000e-08)
  Process 0: Newton iteration 2: r (abs) = 1.559e-03 (tol = 1.000e-08) r (rel) = 2.402e-05 (tol = 1.000e-08)
  Process 0: Newton iteration 3: r (abs) = 2.100e-08 (tol = 1.000e-08) r (rel) = 3.236e-10 (tol = 1.000e-08)
  Process 0: Newton solver finished in 3 iterations and 3 linear solver iterations.
Process 2: Solving nonlinear variational problem.
time spent in one time step =  1.825132131576538
Step 0010 | t = 0.5000
Process 1: Solving nonlinear variational problem.
Process 3: Solving nonlinear variational problem.
Process 0: Solving nonlinear variational problem.
  Process 0: Newton iteration 0: r (abs) = 6.575e+01 (tol = 1.000e-08) r (rel) = 1.000e+00 (tol = 1.000e-08)
  Process 0: Newton iteration 1: r (abs) = 1.025e+00 (tol = 1.000e-08) r (rel) = 1.558e-02 (tol = 1.000e-08)
  Process 0: Newton iteration 2: r (abs) = 1.516e-03 (tol = 1.000e-08) r (rel) = 2.306e-05 (tol = 1.000e-08)
  Process 0: Newton iteration 3: r (abs) = 2.139e-08 (tol = 1.000e-08) r (rel) = 3.253e-10 (tol = 1.000e-08)
  Process 0: Newton solver finished in 3 iterations and 3 linear solver iterations.
Process 2: Solving nonlinear variational problem.
time spent in one time step =  1.7812836170196533
Step 0011 | t = 0.5500
Process 3: Solving nonlinear variational problem.
Process 1: Solving nonlinear variational problem.
Process 0: Solving nonlinear variational problem.
  Process 0: Newton iteration 0: r (abs) = 6.659e+01 (tol = 1.000e-08) r (rel) = 1.000e+00 (tol = 1.000e-08)
  Process 0: Newton iteration 1: r (abs) = 1.046e+00 (tol = 1.000e-08) r (rel) = 1.571e-02 (tol = 1.000e-08)
  Process 0: Newton iteration 2: r (abs) = 1.407e-03 (tol = 1.000e-08) r (rel) = 2.113e-05 (tol = 1.000e-08)
  Process 0: Newton iteration 3: r (abs) = 1.725e-08 (tol = 1.000e-08) r (rel) = 2.591e-10 (tol = 1.000e-08)
  Process 0: Newton solver finished in 3 iterations and 3 linear solver iterations.
Process 2: Solving nonlinear variational problem.
time spent in one time step =  1.7918572425842285
Step 0012 | t = 0.6000
Process 1: Solving nonlinear variational problem.
Process 3: Solving nonlinear variational problem.
Process 0: Solving nonlinear variational problem.
  Process 0: Newton iteration 0: r (abs) = 6.742e+01 (tol = 1.000e-08) r (rel) = 1.000e+00 (tol = 1.000e-08)
  Process 0: Newton iteration 1: r (abs) = 1.060e+00 (tol = 1.000e-08) r (rel) = 1.571e-02 (tol = 1.000e-08)
  Process 0: Newton iteration 2: r (abs) = 1.295e-03 (tol = 1.000e-08) r (rel) = 1.920e-05 (tol = 1.000e-08)
  Process 0: Newton iteration 3: r (abs) = 1.290e-08 (tol = 1.000e-08) r (rel) = 1.913e-10 (tol = 1.000e-08)
  Process 0: Newton solver finished in 3 iterations and 3 linear solver iterations.
Process 2: Solving nonlinear variational problem.
time spent in one time step =  1.7829368114471436
Step 0013 | t = 0.6500
Process 1: Solving nonlinear variational problem.
Process 3: Solving nonlinear variational problem.
Process 0: Solving nonlinear variational problem.
  Process 0: Newton iteration 0: r (abs) = 6.828e+01 (tol = 1.000e-08) r (rel) = 1.000e+00 (tol = 1.000e-08)
  Process 0: Newton iteration 1: r (abs) = 1.061e+00 (tol = 1.000e-08) r (rel) = 1.554e-02 (tol = 1.000e-08)
  Process 0: Newton iteration 2: r (abs) = 1.318e-03 (tol = 1.000e-08) r (rel) = 1.930e-05 (tol = 1.000e-08)
  Process 0: Newton iteration 3: r (abs) = 1.471e-08 (tol = 1.000e-08) r (rel) = 2.154e-10 (tol = 1.000e-08)
  Process 0: Newton solver finished in 3 iterations and 3 linear solver iterations.
Process 2: Solving nonlinear variational problem.
time spent in one time step =  1.8075478076934814
Step 0014 | t = 0.7000
Process 3: Solving nonlinear variational problem.
Process 1: Solving nonlinear variational problem.
Process 0: Solving nonlinear variational problem.
  Process 0: Newton iteration 0: r (abs) = 6.916e+01 (tol = 1.000e-08) r (rel) = 1.000e+00 (tol = 1.000e-08)
  Process 0: Newton iteration 1: r (abs) = 1.061e+00 (tol = 1.000e-08) r (rel) = 1.534e-02 (tol = 1.000e-08)
  Process 0: Newton iteration 2: r (abs) = 1.350e-03 (tol = 1.000e-08) r (rel) = 1.952e-05 (tol = 1.000e-08)
  Process 0: Newton iteration 3: r (abs) = 1.730e-08 (tol = 1.000e-08) r (rel) = 2.501e-10 (tol = 1.000e-08)
  Process 0: Newton solver finished in 3 iterations and 3 linear solver iterations.
Process 2: Solving nonlinear variational problem.
time spent in one time step =  1.7761318683624268
Step 0015 | t = 0.7500
Process 1: Solving nonlinear variational problem.
Process 3: Solving nonlinear variational problem.
Process 0: Solving nonlinear variational problem.
  Process 0: Newton iteration 0: r (abs) = 7.008e+01 (tol = 1.000e-08) r (rel) = 1.000e+00 (tol = 1.000e-08)
  Process 0: Newton iteration 1: r (abs) = 1.068e+00 (tol = 1.000e-08) r (rel) = 1.523e-02 (tol = 1.000e-08)
  Process 0: Newton iteration 2: r (abs) = 1.392e-03 (tol = 1.000e-08) r (rel) = 1.986e-05 (tol = 1.000e-08)
  Process 0: Newton iteration 3: r (abs) = 2.080e-08 (tol = 1.000e-08) r (rel) = 2.968e-10 (tol = 1.000e-08)
  Process 0: Newton solver finished in 3 iterations and 3 linear solver iterations.
Process 2: Solving nonlinear variational problem.
time spent in one time step =  1.7948129177093506
Step 0016 | t = 0.8000
Process 1: Solving nonlinear variational problem.
Process 3: Solving nonlinear variational problem.
Process 0: Solving nonlinear variational problem.
  Process 0: Newton iteration 0: r (abs) = 7.102e+01 (tol = 1.000e-08) r (rel) = 1.000e+00 (tol = 1.000e-08)
  Process 0: Newton iteration 1: r (abs) = 1.078e+00 (tol = 1.000e-08) r (rel) = 1.518e-02 (tol = 1.000e-08)
  Process 0: Newton iteration 2: r (abs) = 1.592e-03 (tol = 1.000e-08) r (rel) = 2.242e-05 (tol = 1.000e-08)
  Process 0: Newton iteration 3: r (abs) = 2.572e-08 (tol = 1.000e-08) r (rel) = 3.621e-10 (tol = 1.000e-08)
  Process 0: Newton solver finished in 3 iterations and 3 linear solver iterations.
Process 2: Solving nonlinear variational problem.
time spent in one time step =  1.7767150402069092
Step 0017 | t = 0.8500
Process 1: Solving nonlinear variational problem.
Process 3: Solving nonlinear variational problem.
Process 0: Solving nonlinear variational problem.
  Process 0: Newton iteration 0: r (abs) = 7.202e+01 (tol = 1.000e-08) r (rel) = 1.000e+00 (tol = 1.000e-08)
  Process 0: Newton iteration 1: r (abs) = 1.083e+00 (tol = 1.000e-08) r (rel) = 1.503e-02 (tol = 1.000e-08)
  Process 0: Newton iteration 2: r (abs) = 1.827e-03 (tol = 1.000e-08) r (rel) = 2.537e-05 (tol = 1.000e-08)
  Process 0: Newton iteration 3: r (abs) = 3.099e-08 (tol = 1.000e-08) r (rel) = 4.302e-10 (tol = 1.000e-08)
  Process 0: Newton solver finished in 3 iterations and 3 linear solver iterations.
Process 2: Solving nonlinear variational problem.
time spent in one time step =  1.786057949066162
Step 0018 | t = 0.9000
Process 3: Solving nonlinear variational problem.
Process 0: Solving nonlinear variational problem.
Process 1: Solving nonlinear variational problem.
  Process 0: Newton iteration 0: r (abs) = 7.305e+01 (tol = 1.000e-08) r (rel) = 1.000e+00 (tol = 1.000e-08)
  Process 0: Newton iteration 1: r (abs) = 1.086e+00 (tol = 1.000e-08) r (rel) = 1.486e-02 (tol = 1.000e-08)
  Process 0: Newton iteration 2: r (abs) = 1.899e-03 (tol = 1.000e-08) r (rel) = 2.600e-05 (tol = 1.000e-08)
  Process 0: Newton iteration 3: r (abs) = 2.958e-08 (tol = 1.000e-08) r (rel) = 4.049e-10 (tol = 1.000e-08)
  Process 0: Newton solver finished in 3 iterations and 3 linear solver iterations.
Process 2: Solving nonlinear variational problem.
time spent in one time step =  1.79901123046875
Step 0019 | t = 0.9500
Process 1: Solving nonlinear variational problem.
Process 3: Solving nonlinear variational problem.
Process 0: Solving nonlinear variational problem.
  Process 0: Newton iteration 0: r (abs) = 7.412e+01 (tol = 1.000e-08) r (rel) = 1.000e+00 (tol = 1.000e-08)
  Process 0: Newton iteration 1: r (abs) = 1.090e+00 (tol = 1.000e-08) r (rel) = 1.471e-02 (tol = 1.000e-08)
  Process 0: Newton iteration 2: r (abs) = 1.872e-03 (tol = 1.000e-08) r (rel) = 2.525e-05 (tol = 1.000e-08)
  Process 0: Newton iteration 3: r (abs) = 2.337e-08 (tol = 1.000e-08) r (rel) = 3.154e-10 (tol = 1.000e-08)
  Process 0: Newton solver finished in 3 iterations and 3 linear solver iterations.
Process 2: Solving nonlinear variational problem.
time spent in one time step =  1.7928593158721924
Step 0020 | t = 1.0000
Process 3: Solving nonlinear variational problem.
Process 1: Solving nonlinear variational problem.
Process 0: Solving nonlinear variational problem.
  Process 0: Newton iteration 0: r (abs) = 7.518e+01 (tol = 1.000e-08) r (rel) = 1.000e+00 (tol = 1.000e-08)
  Process 0: Newton iteration 1: r (abs) = 1.113e+00 (tol = 1.000e-08) r (rel) = 1.480e-02 (tol = 1.000e-08)
  Process 0: Newton iteration 2: r (abs) = 1.833e-03 (tol = 1.000e-08) r (rel) = 2.437e-05 (tol = 1.000e-08)
  Process 0: Newton iteration 3: r (abs) = 1.986e-08 (tol = 1.000e-08) r (rel) = 2.641e-10 (tol = 1.000e-08)
  Process 0: Newton solver finished in 3 iterations and 3 linear solver iterations.
Process 2: Solving nonlinear variational problem.
time spent in one time step =  1.7950434684753418
Step 0021 | t = 1.0500
Process 1: Solving nonlinear variational problem.
Process 3: Solving nonlinear variational problem.
Process 0: Solving nonlinear variational problem.
  Process 0: Newton iteration 0: r (abs) = 7.622e+01 (tol = 1.000e-08) r (rel) = 1.000e+00 (tol = 1.000e-08)
  Process 0: Newton iteration 1: r (abs) = 1.194e+00 (tol = 1.000e-08) r (rel) = 1.566e-02 (tol = 1.000e-08)
  Process 0: Newton iteration 2: r (abs) = 1.880e-03 (tol = 1.000e-08) r (rel) = 2.467e-05 (tol = 1.000e-08)
  Process 0: Newton iteration 3: r (abs) = 1.729e-08 (tol = 1.000e-08) r (rel) = 2.269e-10 (tol = 1.000e-08)
  Process 0: Newton solver finished in 3 iterations and 3 linear solver iterations.
Process 2: Solving nonlinear variational problem.
time spent in one time step =  1.7755682468414307
Step 0022 | t = 1.1000
Process 1: Solving nonlinear variational problem.
Process 3: Solving nonlinear variational problem.
Process 0: Solving nonlinear variational problem.
  Process 0: Newton iteration 0: r (abs) = 7.716e+01 (tol = 1.000e-08) r (rel) = 1.000e+00 (tol = 1.000e-08)
  Process 0: Newton iteration 1: r (abs) = 1.356e+00 (tol = 1.000e-08) r (rel) = 1.757e-02 (tol = 1.000e-08)
  Process 0: Newton iteration 2: r (abs) = 2.211e-03 (tol = 1.000e-08) r (rel) = 2.865e-05 (tol = 1.000e-08)
  Process 0: Newton iteration 3: r (abs) = 2.953e-08 (tol = 1.000e-08) r (rel) = 3.827e-10 (tol = 1.000e-08)
  Process 0: Newton solver finished in 3 iterations and 3 linear solver iterations.
Process 2: Solving nonlinear variational problem.
time spent in one time step =  1.798205852508545
Step 0023 | t = 1.1500
Process 3: Solving nonlinear variational problem.
Process 1: Solving nonlinear variational problem.
Process 0: Solving nonlinear variational problem.
  Process 0: Newton iteration 0: r (abs) = 7.801e+01 (tol = 1.000e-08) r (rel) = 1.000e+00 (tol = 1.000e-08)
  Process 0: Newton iteration 1: r (abs) = 1.584e+00 (tol = 1.000e-08) r (rel) = 2.030e-02 (tol = 1.000e-08)
  Process 0: Newton iteration 2: r (abs) = 3.055e-03 (tol = 1.000e-08) r (rel) = 3.915e-05 (tol = 1.000e-08)
  Process 0: Newton iteration 3: r (abs) = 8.506e-08 (tol = 1.000e-08) r (rel) = 1.090e-09 (tol = 1.000e-08)
  Process 0: Newton solver finished in 3 iterations and 3 linear solver iterations.
Process 2: Solving nonlinear variational problem.
time spent in one time step =  1.787405014038086
Step 0024 | t = 1.2000
Process 1: Solving nonlinear variational problem.
Process 3: Solving nonlinear variational problem.
Process 0: Solving nonlinear variational problem.
  Process 0: Newton iteration 0: r (abs) = 7.880e+01 (tol = 1.000e-08) r (rel) = 1.000e+00 (tol = 1.000e-08)
  Process 0: Newton iteration 1: r (abs) = 1.835e+00 (tol = 1.000e-08) r (rel) = 2.328e-02 (tol = 1.000e-08)
  Process 0: Newton iteration 2: r (abs) = 4.313e-03 (tol = 1.000e-08) r (rel) = 5.474e-05 (tol = 1.000e-08)
  Process 0: Newton iteration 3: r (abs) = 1.561e-07 (tol = 1.000e-08) r (rel) = 1.981e-09 (tol = 1.000e-08)
  Process 0: Newton solver finished in 3 iterations and 3 linear solver iterations.
Process 2: Solving nonlinear variational problem.
time spent in one time step =  1.7803254127502441
Step 0025 | t = 1.2500
Process 1: Solving nonlinear variational problem.
Process 3: Solving nonlinear variational problem.
Process 0: Solving nonlinear variational problem.
  Process 0: Newton iteration 0: r (abs) = 7.964e+01 (tol = 1.000e-08) r (rel) = 1.000e+00 (tol = 1.000e-08)
  Process 0: Newton iteration 1: r (abs) = 2.053e+00 (tol = 1.000e-08) r (rel) = 2.578e-02 (tol = 1.000e-08)
  Process 0: Newton iteration 2: r (abs) = 5.530e-03 (tol = 1.000e-08) r (rel) = 6.943e-05 (tol = 1.000e-08)
  Process 0: Newton iteration 3: r (abs) = 2.007e-07 (tol = 1.000e-08) r (rel) = 2.520e-09 (tol = 1.000e-08)
  Process 0: Newton solver finished in 3 iterations and 3 linear solver iterations.
Process 2: Solving nonlinear variational problem.
time spent in one time step =  1.8091461658477783
Step 0026 | t = 1.3000
Process 1: Solving nonlinear variational problem.
Process 3: Solving nonlinear variational problem.
Process 0: Solving nonlinear variational problem.
  Process 0: Newton iteration 0: r (abs) = 8.068e+01 (tol = 1.000e-08) r (rel) = 1.000e+00 (tol = 1.000e-08)
  Process 0: Newton iteration 1: r (abs) = 2.190e+00 (tol = 1.000e-08) r (rel) = 2.714e-02 (tol = 1.000e-08)
  Process 0: Newton iteration 2: r (abs) = 6.307e-03 (tol = 1.000e-08) r (rel) = 7.817e-05 (tol = 1.000e-08)
  Process 0: Newton iteration 3: r (abs) = 2.082e-07 (tol = 1.000e-08) r (rel) = 2.580e-09 (tol = 1.000e-08)
  Process 0: Newton solver finished in 3 iterations and 3 linear solver iterations.
Process 2: Solving nonlinear variational problem.
time spent in one time step =  1.7862532138824463
Step 0027 | t = 1.3500
Process 1: Solving nonlinear variational problem.
Process 3: Solving nonlinear variational problem.
Process 0: Solving nonlinear variational problem.
  Process 0: Newton iteration 0: r (abs) = 8.205e+01 (tol = 1.000e-08) r (rel) = 1.000e+00 (tol = 1.000e-08)
  Process 0: Newton iteration 1: r (abs) = 2.215e+00 (tol = 1.000e-08) r (rel) = 2.700e-02 (tol = 1.000e-08)
  Process 0: Newton iteration 2: r (abs) = 6.471e-03 (tol = 1.000e-08) r (rel) = 7.887e-05 (tol = 1.000e-08)
  Process 0: Newton iteration 3: r (abs) = 1.952e-07 (tol = 1.000e-08) r (rel) = 2.379e-09 (tol = 1.000e-08)
  Process 0: Newton solver finished in 3 iterations and 3 linear solver iterations.
Process 2: Solving nonlinear variational problem.
time spent in one time step =  1.7677104473114014
Step 0028 | t = 1.4000
Process 1: Solving nonlinear variational problem.
Process 3: Solving nonlinear variational problem.
Process 0: Solving nonlinear variational problem.
  Process 0: Newton iteration 0: r (abs) = 8.378e+01 (tol = 1.000e-08) r (rel) = 1.000e+00 (tol = 1.000e-08)
  Process 0: Newton iteration 1: r (abs) = 2.125e+00 (tol = 1.000e-08) r (rel) = 2.536e-02 (tol = 1.000e-08)
  Process 0: Newton iteration 2: r (abs) = 6.078e-03 (tol = 1.000e-08) r (rel) = 7.255e-05 (tol = 1.000e-08)
  Process 0: Newton iteration 3: r (abs) = 1.888e-07 (tol = 1.000e-08) r (rel) = 2.253e-09 (tol = 1.000e-08)
  Process 0: Newton solver finished in 3 iterations and 3 linear solver iterations.
Process 2: Solving nonlinear variational problem.
time spent in one time step =  1.7838490009307861
Step 0029 | t = 1.4500
Process 1: Solving nonlinear variational problem.
Process 3: Solving nonlinear variational problem.
Process 0: Solving nonlinear variational problem.
  Process 0: Newton iteration 0: r (abs) = 8.582e+01 (tol = 1.000e-08) r (rel) = 1.000e+00 (tol = 1.000e-08)
  Process 0: Newton iteration 1: r (abs) = 1.940e+00 (tol = 1.000e-08) r (rel) = 2.261e-02 (tol = 1.000e-08)
  Process 0: Newton iteration 2: r (abs) = 5.090e-03 (tol = 1.000e-08) r (rel) = 5.931e-05 (tol = 1.000e-08)
  Process 0: Newton iteration 3: r (abs) = 1.500e-07 (tol = 1.000e-08) r (rel) = 1.748e-09 (tol = 1.000e-08)
  Process 0: Newton solver finished in 3 iterations and 3 linear solver iterations.
Process 2: Solving nonlinear variational problem.
time spent in one time step =  1.7844083309173584
Step 0030 | t = 1.5000
Process 3: Solving nonlinear variational problem.
Process 0: Solving nonlinear variational problem.
Process 1: Solving nonlinear variational problem.
  Process 0: Newton iteration 0: r (abs) = 8.802e+01 (tol = 1.000e-08) r (rel) = 1.000e+00 (tol = 1.000e-08)
  Process 0: Newton iteration 1: r (abs) = 1.715e+00 (tol = 1.000e-08) r (rel) = 1.949e-02 (tol = 1.000e-08)
  Process 0: Newton iteration 2: r (abs) = 3.408e-03 (tol = 1.000e-08) r (rel) = 3.872e-05 (tol = 1.000e-08)
  Process 0: Newton iteration 3: r (abs) = 4.706e-08 (tol = 1.000e-08) r (rel) = 5.347e-10 (tol = 1.000e-08)
  Process 0: Newton solver finished in 3 iterations and 3 linear solver iterations.
Process 2: Solving nonlinear variational problem.
time spent in one time step =  1.7865283489227295
Step 0031 | t = 1.5500
Process 1: Solving nonlinear variational problem.
Process 3: Solving nonlinear variational problem.
Process 0: Solving nonlinear variational problem.
  Process 0: Newton iteration 0: r (abs) = 9.013e+01 (tol = 1.000e-08) r (rel) = 1.000e+00 (tol = 1.000e-08)
  Process 0: Newton iteration 1: r (abs) = 1.544e+00 (tol = 1.000e-08) r (rel) = 1.713e-02 (tol = 1.000e-08)
  Process 0: Newton iteration 2: r (abs) = 2.050e-03 (tol = 1.000e-08) r (rel) = 2.274e-05 (tol = 1.000e-08)
  Process 0: Newton iteration 3: r (abs) = 6.698e-08 (tol = 1.000e-08) r (rel) = 7.431e-10 (tol = 1.000e-08)
  Process 0: Newton solver finished in 3 iterations and 3 linear solver iterations.
Process 2: Solving nonlinear variational problem.
time spent in one time step =  1.77939772605896
Step 0032 | t = 1.6000
Process 1: Solving nonlinear variational problem.
Process 3: Solving nonlinear variational problem.
Process 0: Solving nonlinear variational problem.
  Process 0: Newton iteration 0: r (abs) = 9.194e+01 (tol = 1.000e-08) r (rel) = 1.000e+00 (tol = 1.000e-08)
  Process 0: Newton iteration 1: r (abs) = 1.564e+00 (tol = 1.000e-08) r (rel) = 1.701e-02 (tol = 1.000e-08)
  Process 0: Newton iteration 2: r (abs) = 3.002e-03 (tol = 1.000e-08) r (rel) = 3.266e-05 (tol = 1.000e-08)
  Process 0: Newton iteration 3: r (abs) = 2.473e-07 (tol = 1.000e-08) r (rel) = 2.690e-09 (tol = 1.000e-08)
  Process 0: Newton solver finished in 3 iterations and 3 linear solver iterations.
Process 2: Solving nonlinear variational problem.
time spent in one time step =  1.8021049499511719
Step 0033 | t = 1.6500
Process 1: Solving nonlinear variational problem.
Process 0: Solving nonlinear variational problem.
Process 3: Solving nonlinear variational problem.
  Process 0: Newton iteration 0: r (abs) = 9.318e+01 (tol = 1.000e-08) r (rel) = 1.000e+00 (tol = 1.000e-08)
  Process 0: Newton iteration 1: r (abs) = 1.850e+00 (tol = 1.000e-08) r (rel) = 1.985e-02 (tol = 1.000e-08)
  Process 0: Newton iteration 2: r (abs) = 7.458e-03 (tol = 1.000e-08) r (rel) = 8.004e-05 (tol = 1.000e-08)
  Process 0: Newton iteration 3: r (abs) = 2.242e-06 (tol = 1.000e-08) r (rel) = 2.406e-08 (tol = 1.000e-08)
  Process 0: Newton iteration 4: r (abs) = 2.610e-11 (tol = 1.000e-08) r (rel) = 2.801e-13 (tol = 1.000e-08)
  Process 0: Newton solver finished in 4 iterations and 4 linear solver iterations.
Process 2: Solving nonlinear variational problem.
time spent in one time step =  2.2773005962371826
Step 0034 | t = 1.7000
Process 1: Solving nonlinear variational problem.
Process 3: Solving nonlinear variational problem.
Process 0: Solving nonlinear variational problem.
  Process 0: Newton iteration 0: r (abs) = 9.366e+01 (tol = 1.000e-08) r (rel) = 1.000e+00 (tol = 1.000e-08)
  Process 0: Newton iteration 1: r (abs) = 2.309e+00 (tol = 1.000e-08) r (rel) = 2.465e-02 (tol = 1.000e-08)
  Process 0: Newton iteration 2: r (abs) = 1.662e-02 (tol = 1.000e-08) r (rel) = 1.774e-04 (tol = 1.000e-08)
  Process 0: Newton iteration 3: r (abs) = 1.042e-05 (tol = 1.000e-08) r (rel) = 1.113e-07 (tol = 1.000e-08)
  Process 0: Newton iteration 4: r (abs) = 2.761e-11 (tol = 1.000e-08) r (rel) = 2.947e-13 (tol = 1.000e-08)
  Process 0: Newton solver finished in 4 iterations and 4 linear solver iterations.
Process 2: Solving nonlinear variational problem.
time spent in one time step =  2.2096762657165527
Step 0035 | t = 1.7500
Process 1: Solving nonlinear variational problem.
Process 3: Solving nonlinear variational problem.
Process 0: Solving nonlinear variational problem.
  Process 0: Newton iteration 0: r (abs) = 9.412e+01 (tol = 1.000e-08) r (rel) = 1.000e+00 (tol = 1.000e-08)
  Process 0: Newton iteration 1: r (abs) = 2.837e+00 (tol = 1.000e-08) r (rel) = 3.015e-02 (tol = 1.000e-08)
  Process 0: Newton iteration 2: r (abs) = 3.035e-02 (tol = 1.000e-08) r (rel) = 3.225e-04 (tol = 1.000e-08)
  Process 0: Newton iteration 3: r (abs) = 3.064e-05 (tol = 1.000e-08) r (rel) = 3.256e-07 (tol = 1.000e-08)
  Process 0: Newton iteration 4: r (abs) = 5.326e-11 (tol = 1.000e-08) r (rel) = 5.659e-13 (tol = 1.000e-08)
  Process 0: Newton solver finished in 4 iterations and 4 linear solver iterations.
Process 2: Solving nonlinear variational problem.
time spent in one time step =  2.210481643676758
Step 0036 | t = 1.8000
Process 1: Solving nonlinear variational problem.
Process 3: Solving nonlinear variational problem.
Process 0: Solving nonlinear variational problem.
  Process 0: Newton iteration 0: r (abs) = 9.707e+01 (tol = 1.000e-08) r (rel) = 1.000e+00 (tol = 1.000e-08)
  Process 0: Newton iteration 1: r (abs) = 3.880e+00 (tol = 1.000e-08) r (rel) = 3.998e-02 (tol = 1.000e-08)
  Process 0: Newton iteration 2: r (abs) = 4.064e-02 (tol = 1.000e-08) r (rel) = 4.187e-04 (tol = 1.000e-08)
  Process 0: Newton iteration 3: r (abs) = 5.595e-05 (tol = 1.000e-08) r (rel) = 5.764e-07 (tol = 1.000e-08)
  Process 0: Newton iteration 4: r (abs) = 1.421e-10 (tol = 1.000e-08) r (rel) = 1.464e-12 (tol = 1.000e-08)
  Process 0: Newton solver finished in 4 iterations and 4 linear solver iterations.
Process 2: Solving nonlinear variational problem.
time spent in one time step =  2.2249319553375244
Step 0037 | t = 1.8500
Process 3: Solving nonlinear variational problem.
Process 1: Solving nonlinear variational problem.
Process 0: Solving nonlinear variational problem.
  Process 0: Newton iteration 0: r (abs) = 1.038e+02 (tol = 1.000e-08) r (rel) = 1.000e+00 (tol = 1.000e-08)
  Process 0: Newton iteration 1: r (abs) = 5.249e+00 (tol = 1.000e-08) r (rel) = 5.058e-02 (tol = 1.000e-08)
  Process 0: Newton iteration 2: r (abs) = 6.591e-02 (tol = 1.000e-08) r (rel) = 6.352e-04 (tol = 1.000e-08)
  Process 0: Newton iteration 3: r (abs) = 1.180e-04 (tol = 1.000e-08) r (rel) = 1.137e-06 (tol = 1.000e-08)
  Process 0: Newton iteration 4: r (abs) = 8.382e-10 (tol = 1.000e-08) r (rel) = 8.077e-12 (tol = 1.000e-08)
  Process 0: Newton solver finished in 4 iterations and 4 linear solver iterations.
Process 2: Solving nonlinear variational problem.
time spent in one time step =  2.2220919132232666
Step 0038 | t = 1.9000
Process 1: Solving nonlinear variational problem.
Process 3: Solving nonlinear variational problem.
Process 0: Solving nonlinear variational problem.
  Process 0: Newton iteration 0: r (abs) = 1.539e+02 (tol = 1.000e-08) r (rel) = 1.000e+00 (tol = 1.000e-08)
  Process 0: Newton iteration 1: r (abs) = 3.803e+00 (tol = 1.000e-08) r (rel) = 2.471e-02 (tol = 1.000e-08)
  Process 0: Newton iteration 2: r (abs) = 7.786e-02 (tol = 1.000e-08) r (rel) = 5.059e-04 (tol = 1.000e-08)
  Process 0: Newton iteration 3: r (abs) = 1.429e-04 (tol = 1.000e-08) r (rel) = 9.282e-07 (tol = 1.000e-08)
  Process 0: Newton iteration 4: r (abs) = 9.940e-10 (tol = 1.000e-08) r (rel) = 6.458e-12 (tol = 1.000e-08)
  Process 0: Newton solver finished in 4 iterations and 4 linear solver iterations.
Process 2: Solving nonlinear variational problem.
time spent in one time step =  2.2155601978302
Step 0039 | t = 1.9500
Process 1: Solving nonlinear variational problem.
Process 3: Solving nonlinear variational problem.
Process 0: Solving nonlinear variational problem.
  Process 0: Newton iteration 0: r (abs) = 1.050e+02 (tol = 1.000e-08) r (rel) = 1.000e+00 (tol = 1.000e-08)
  Process 0: Newton iteration 1: r (abs) = 3.769e+00 (tol = 1.000e-08) r (rel) = 3.588e-02 (tol = 1.000e-08)
  Process 0: Newton iteration 2: r (abs) = 7.118e-02 (tol = 1.000e-08) r (rel) = 6.776e-04 (tol = 1.000e-08)
  Process 0: Newton iteration 3: r (abs) = 1.024e-04 (tol = 1.000e-08) r (rel) = 9.747e-07 (tol = 1.000e-08)
  Process 0: Newton iteration 4: r (abs) = 4.239e-10 (tol = 1.000e-08) r (rel) = 4.036e-12 (tol = 1.000e-08)
  Process 0: Newton solver finished in 4 iterations and 4 linear solver iterations.
Process 2: Solving nonlinear variational problem.
time spent in one time step =  2.2067747116088867
Step 0040 | t = 2.0000
Process 1: Solving nonlinear variational problem.
Process 3: Solving nonlinear variational problem.
Process 0: Solving nonlinear variational problem.
  Process 0: Newton iteration 0: r (abs) = 1.125e+02 (tol = 1.000e-08) r (rel) = 1.000e+00 (tol = 1.000e-08)
  Process 0: Newton iteration 1: r (abs) = 4.111e+00 (tol = 1.000e-08) r (rel) = 3.654e-02 (tol = 1.000e-08)
  Process 0: Newton iteration 2: r (abs) = 5.169e-02 (tol = 1.000e-08) r (rel) = 4.595e-04 (tol = 1.000e-08)
  Process 0: Newton iteration 3: r (abs) = 1.969e-05 (tol = 1.000e-08) r (rel) = 1.750e-07 (tol = 1.000e-08)
  Process 0: Newton iteration 4: r (abs) = 3.515e-11 (tol = 1.000e-08) r (rel) = 3.125e-13 (tol = 1.000e-08)
  Process 0: Newton solver finished in 4 iterations and 4 linear solver iterations.
Process 2: Solving nonlinear variational problem.
time spent in one time step =  2.233985662460327
Step 0041 | t = 2.0500
Process 1: Solving nonlinear variational problem.
Process 0: Solving nonlinear variational problem.
Process 3: Solving nonlinear variational problem.
  Process 0: Newton iteration 0: r (abs) = 1.235e+02 (tol = 1.000e-08) r (rel) = 1.000e+00 (tol = 1.000e-08)
  Process 0: Newton iteration 1: r (abs) = 4.125e+00 (tol = 1.000e-08) r (rel) = 3.339e-02 (tol = 1.000e-08)
  Process 0: Newton iteration 2: r (abs) = 2.473e-02 (tol = 1.000e-08) r (rel) = 2.002e-04 (tol = 1.000e-08)
  Process 0: Newton iteration 3: r (abs) = 6.201e-05 (tol = 1.000e-08) r (rel) = 5.019e-07 (tol = 1.000e-08)
  Process 0: Newton iteration 4: r (abs) = 2.468e-10 (tol = 1.000e-08) r (rel) = 1.998e-12 (tol = 1.000e-08)
  Process 0: Newton solver finished in 4 iterations and 4 linear solver iterations.
Process 2: Solving nonlinear variational problem.
time spent in one time step =  2.2184219360351562
Step 0042 | t = 2.1000
Process 1: Solving nonlinear variational problem.
Process 3: Solving nonlinear variational problem.
Process 0: Solving nonlinear variational problem.
  Process 0: Newton iteration 0: r (abs) = 1.334e+02 (tol = 1.000e-08) r (rel) = 1.000e+00 (tol = 1.000e-08)
  Process 0: Newton iteration 1: r (abs) = 4.319e+00 (tol = 1.000e-08) r (rel) = 3.238e-02 (tol = 1.000e-08)
  Process 0: Newton iteration 2: r (abs) = 8.757e-02 (tol = 1.000e-08) r (rel) = 6.565e-04 (tol = 1.000e-08)
  Process 0: Newton iteration 3: r (abs) = 3.520e-04 (tol = 1.000e-08) r (rel) = 2.638e-06 (tol = 1.000e-08)
  Process 0: Newton iteration 4: r (abs) = 9.682e-09 (tol = 1.000e-08) r (rel) = 7.258e-11 (tol = 1.000e-08)
  Process 0: Newton solver finished in 4 iterations and 4 linear solver iterations.
Process 2: Solving nonlinear variational problem.
time spent in one time step =  2.2438957691192627
Step 0043 | t = 2.1500
Process 1: Solving nonlinear variational problem.
Process 3: Solving nonlinear variational problem.
Process 0: Solving nonlinear variational problem.
  Process 0: Newton iteration 0: r (abs) = 1.369e+02 (tol = 1.000e-08) r (rel) = 1.000e+00 (tol = 1.000e-08)
  Process 0: Newton iteration 1: r (abs) = 4.212e+00 (tol = 1.000e-08) r (rel) = 3.078e-02 (tol = 1.000e-08)
  Process 0: Newton iteration 2: r (abs) = 1.256e-01 (tol = 1.000e-08) r (rel) = 9.178e-04 (tol = 1.000e-08)
  Process 0: Newton iteration 3: r (abs) = 6.067e-04 (tol = 1.000e-08) r (rel) = 4.433e-06 (tol = 1.000e-08)
  Process 0: Newton iteration 4: r (abs) = 9.499e-09 (tol = 1.000e-08) r (rel) = 6.941e-11 (tol = 1.000e-08)
  Process 0: Newton solver finished in 4 iterations and 4 linear solver iterations.
Process 2: Solving nonlinear variational problem.
time spent in one time step =  2.2109363079071045
Step 0044 | t = 2.2000
Process 1: Solving nonlinear variational problem.
Process 3: Solving nonlinear variational problem.
Process 0: Solving nonlinear variational problem.
  Process 0: Newton iteration 0: r (abs) = 1.391e+02 (tol = 1.000e-08) r (rel) = 1.000e+00 (tol = 1.000e-08)
  Process 0: Newton iteration 1: r (abs) = 4.900e+00 (tol = 1.000e-08) r (rel) = 3.523e-02 (tol = 1.000e-08)
  Process 0: Newton iteration 2: r (abs) = 1.146e-01 (tol = 1.000e-08) r (rel) = 8.242e-04 (tol = 1.000e-08)
  Process 0: Newton iteration 3: r (abs) = 1.202e-03 (tol = 1.000e-08) r (rel) = 8.642e-06 (tol = 1.000e-08)
  Process 0: Newton iteration 4: r (abs) = 1.490e-07 (tol = 1.000e-08) r (rel) = 1.072e-09 (tol = 1.000e-08)
  Process 0: Newton solver finished in 4 iterations and 4 linear solver iterations.
Process 2: Solving nonlinear variational problem.
time spent in one time step =  2.2026238441467285
Step 0045 | t = 2.2500
Process 3: Solving nonlinear variational problem.
Process 0: Solving nonlinear variational problem.
Process 1: Solving nonlinear variational problem.
  Process 0: Newton iteration 0: r (abs) = 1.424e+02 (tol = 1.000e-08) r (rel) = 1.000e+00 (tol = 1.000e-08)
  Process 0: Newton iteration 1: r (abs) = 5.870e+00 (tol = 1.000e-08) r (rel) = 4.122e-02 (tol = 1.000e-08)
  Process 0: Newton iteration 2: r (abs) = 2.321e-01 (tol = 1.000e-08) r (rel) = 1.630e-03 (tol = 1.000e-08)
  Process 0: Newton iteration 3: r (abs) = 5.234e-03 (tol = 1.000e-08) r (rel) = 3.676e-05 (tol = 1.000e-08)
  Process 0: Newton iteration 4: r (abs) = 3.489e-06 (tol = 1.000e-08) r (rel) = 2.450e-08 (tol = 1.000e-08)
  Process 0: Newton iteration 5: r (abs) = 4.025e-11 (tol = 1.000e-08) r (rel) = 2.827e-13 (tol = 1.000e-08)
  Process 0: Newton solver finished in 5 iterations and 5 linear solver iterations.
Process 2: Solving nonlinear variational problem.
time spent in one time step =  2.6189281940460205
Step 0046 | t = 2.3000
Process 1: Solving nonlinear variational problem.
Process 3: Solving nonlinear variational problem.
Process 0: Solving nonlinear variational problem.
  Process 0: Newton iteration 0: r (abs) = 1.463e+02 (tol = 1.000e-08) r (rel) = 1.000e+00 (tol = 1.000e-08)
  Process 0: Newton iteration 1: r (abs) = 6.392e+00 (tol = 1.000e-08) r (rel) = 4.369e-02 (tol = 1.000e-08)
  Process 0: Newton iteration 2: r (abs) = 7.324e-01 (tol = 1.000e-08) r (rel) = 5.006e-03 (tol = 1.000e-08)
  Process 0: Newton iteration 3: r (abs) = 3.964e-02 (tol = 1.000e-08) r (rel) = 2.709e-04 (tol = 1.000e-08)
  Process 0: Newton iteration 4: r (abs) = 8.824e-05 (tol = 1.000e-08) r (rel) = 6.031e-07 (tol = 1.000e-08)
  Process 0: Newton iteration 5: r (abs) = 1.572e-10 (tol = 1.000e-08) r (rel) = 1.075e-12 (tol = 1.000e-08)
  Process 0: Newton solver finished in 5 iterations and 5 linear solver iterations.
Process 2: Solving nonlinear variational problem.
time spent in one time step =  2.631039619445801
Step 0047 | t = 2.3500
Process 3: Solving nonlinear variational problem.
Process 1: Solving nonlinear variational problem.
Process 0: Solving nonlinear variational problem.
  Process 0: Newton iteration 0: r (abs) = 1.472e+02 (tol = 1.000e-08) r (rel) = 1.000e+00 (tol = 1.000e-08)
  Process 0: Newton iteration 1: r (abs) = 6.853e+00 (tol = 1.000e-08) r (rel) = 4.656e-02 (tol = 1.000e-08)
  Process 0: Newton iteration 2: r (abs) = 2.306e-01 (tol = 1.000e-08) r (rel) = 1.566e-03 (tol = 1.000e-08)
  Process 0: Newton iteration 3: r (abs) = 3.196e-03 (tol = 1.000e-08) r (rel) = 2.171e-05 (tol = 1.000e-08)
  Process 0: Newton iteration 4: r (abs) = 8.719e-07 (tol = 1.000e-08) r (rel) = 5.924e-09 (tol = 1.000e-08)
  Process 0: Newton solver finished in 4 iterations and 4 linear solver iterations.
Process 2: Solving nonlinear variational problem.
time spent in one time step =  2.197786331176758
Step 0048 | t = 2.4000
Process 3: Solving nonlinear variational problem.
Process 1: Solving nonlinear variational problem.
Process 0: Solving nonlinear variational problem.
  Process 0: Newton iteration 0: r (abs) = 1.570e+02 (tol = 1.000e-08) r (rel) = 1.000e+00 (tol = 1.000e-08)
  Process 0: Newton iteration 1: r (abs) = 7.684e+00 (tol = 1.000e-08) r (rel) = 4.894e-02 (tol = 1.000e-08)
  Process 0: Newton iteration 2: r (abs) = 4.809e-01 (tol = 1.000e-08) r (rel) = 3.063e-03 (tol = 1.000e-08)
  Process 0: Newton iteration 3: r (abs) = 1.063e-02 (tol = 1.000e-08) r (rel) = 6.770e-05 (tol = 1.000e-08)
  Process 0: Newton iteration 4: r (abs) = 3.723e-06 (tol = 1.000e-08) r (rel) = 2.371e-08 (tol = 1.000e-08)
  Process 0: Newton iteration 5: r (abs) = 4.386e-11 (tol = 1.000e-08) r (rel) = 2.793e-13 (tol = 1.000e-08)
  Process 0: Newton solver finished in 5 iterations and 5 linear solver iterations.
Process 2: Solving nonlinear variational problem.
time spent in one time step =  2.639940023422241
Step 0049 | t = 2.4500
Process 1: Solving nonlinear variational problem.
Process 3: Solving nonlinear variational problem.
Process 0: Solving nonlinear variational problem.
  Process 0: Newton iteration 0: r (abs) = 1.516e+02 (tol = 1.000e-08) r (rel) = 1.000e+00 (tol = 1.000e-08)
  Process 0: Newton iteration 1: r (abs) = 6.106e+00 (tol = 1.000e-08) r (rel) = 4.028e-02 (tol = 1.000e-08)
  Process 0: Newton iteration 2: r (abs) = 2.270e-01 (tol = 1.000e-08) r (rel) = 1.498e-03 (tol = 1.000e-08)
  Process 0: Newton iteration 3: r (abs) = 2.041e-03 (tol = 1.000e-08) r (rel) = 1.347e-05 (tol = 1.000e-08)
  Process 0: Newton iteration 4: r (abs) = 1.661e-07 (tol = 1.000e-08) r (rel) = 1.096e-09 (tol = 1.000e-08)
  Process 0: Newton solver finished in 4 iterations and 4 linear solver iterations.
Process 2: Solving nonlinear variational problem.
time spent in one time step =  2.2114832401275635
Step 0050 | t = 2.5000
Process 1: Solving nonlinear variational problem.
Process 0: Solving nonlinear variational problem.
Process 3: Solving nonlinear variational problem.
  Process 0: Newton iteration 0: r (abs) = 1.544e+02 (tol = 1.000e-08) r (rel) = 1.000e+00 (tol = 1.000e-08)
  Process 0: Newton iteration 1: r (abs) = 9.047e+00 (tol = 1.000e-08) r (rel) = 5.861e-02 (tol = 1.000e-08)
  Process 0: Newton iteration 2: r (abs) = 2.044e-01 (tol = 1.000e-08) r (rel) = 1.324e-03 (tol = 1.000e-08)
  Process 0: Newton iteration 3: r (abs) = 1.542e-03 (tol = 1.000e-08) r (rel) = 9.990e-06 (tol = 1.000e-08)
  Process 0: Newton iteration 4: r (abs) = 6.424e-08 (tol = 1.000e-08) r (rel) = 4.162e-10 (tol = 1.000e-08)
  Process 0: Newton solver finished in 4 iterations and 4 linear solver iterations.
Process 2: Solving nonlinear variational problem.
time spent in one time step =  2.262598991394043
Step 0051 | t = 2.5500
Process 1: Solving nonlinear variational problem.
Process 3: Solving nonlinear variational problem.
Process 0: Solving nonlinear variational problem.
  Process 0: Newton iteration 0: r (abs) = 1.570e+02 (tol = 1.000e-08) r (rel) = 1.000e+00 (tol = 1.000e-08)
  Process 0: Newton iteration 1: r (abs) = 6.706e+00 (tol = 1.000e-08) r (rel) = 4.272e-02 (tol = 1.000e-08)
  Process 0: Newton iteration 2: r (abs) = 8.459e-02 (tol = 1.000e-08) r (rel) = 5.389e-04 (tol = 1.000e-08)
  Process 0: Newton iteration 3: r (abs) = 1.264e-04 (tol = 1.000e-08) r (rel) = 8.050e-07 (tol = 1.000e-08)
  Process 0: Newton iteration 4: r (abs) = 3.900e-10 (tol = 1.000e-08) r (rel) = 2.484e-12 (tol = 1.000e-08)
  Process 0: Newton solver finished in 4 iterations and 4 linear solver iterations.
Process 2: Solving nonlinear variational problem.
time spent in one time step =  2.2682275772094727
Step 0052 | t = 2.6000
Process 1: Solving nonlinear variational problem.
Process 3: Solving nonlinear variational problem.
Process 0: Solving nonlinear variational problem.
  Process 0: Newton iteration 0: r (abs) = 1.566e+02 (tol = 1.000e-08) r (rel) = 1.000e+00 (tol = 1.000e-08)
  Process 0: Newton iteration 1: r (abs) = 7.787e+00 (tol = 1.000e-08) r (rel) = 4.973e-02 (tol = 1.000e-08)
  Process 0: Newton iteration 2: r (abs) = 1.273e-01 (tol = 1.000e-08) r (rel) = 8.130e-04 (tol = 1.000e-08)
  Process 0: Newton iteration 3: r (abs) = 3.684e-04 (tol = 1.000e-08) r (rel) = 2.353e-06 (tol = 1.000e-08)
  Process 0: Newton iteration 4: r (abs) = 6.736e-09 (tol = 1.000e-08) r (rel) = 4.302e-11 (tol = 1.000e-08)
  Process 0: Newton solver finished in 4 iterations and 4 linear solver iterations.
Process 2: Solving nonlinear variational problem.
time spent in one time step =  2.238945484161377
Step 0053 | t = 2.6500
Process 1: Solving nonlinear variational problem.
Process 3: Solving nonlinear variational problem.
Process 0: Solving nonlinear variational problem.
  Process 0: Newton iteration 0: r (abs) = 1.525e+02 (tol = 1.000e-08) r (rel) = 1.000e+00 (tol = 1.000e-08)
  Process 0: Newton iteration 1: r (abs) = 9.317e+00 (tol = 1.000e-08) r (rel) = 6.108e-02 (tol = 1.000e-08)
  Process 0: Newton iteration 2: r (abs) = 1.297e-01 (tol = 1.000e-08) r (rel) = 8.503e-04 (tol = 1.000e-08)
  Process 0: Newton iteration 3: r (abs) = 3.887e-04 (tol = 1.000e-08) r (rel) = 2.548e-06 (tol = 1.000e-08)
  Process 0: Newton iteration 4: r (abs) = 4.205e-09 (tol = 1.000e-08) r (rel) = 2.757e-11 (tol = 1.000e-08)
  Process 0: Newton solver finished in 4 iterations and 4 linear solver iterations.
Process 2: Solving nonlinear variational problem.
time spent in one time step =  2.251387119293213
Step 0054 | t = 2.7000
Process 3: Solving nonlinear variational problem.
Process 0: Solving nonlinear variational problem.
Process 1: Solving nonlinear variational problem.
  Process 0: Newton iteration 0: r (abs) = 1.378e+02 (tol = 1.000e-08) r (rel) = 1.000e+00 (tol = 1.000e-08)
  Process 0: Newton iteration 1: r (abs) = 7.478e+00 (tol = 1.000e-08) r (rel) = 5.427e-02 (tol = 1.000e-08)
  Process 0: Newton iteration 2: r (abs) = 2.172e-01 (tol = 1.000e-08) r (rel) = 1.577e-03 (tol = 1.000e-08)
  Process 0: Newton iteration 3: r (abs) = 1.076e-03 (tol = 1.000e-08) r (rel) = 7.810e-06 (tol = 1.000e-08)
  Process 0: Newton iteration 4: r (abs) = 8.348e-08 (tol = 1.000e-08) r (rel) = 6.058e-10 (tol = 1.000e-08)
  Process 0: Newton solver finished in 4 iterations and 4 linear solver iterations.
Process 2: Solving nonlinear variational problem.
time spent in one time step =  2.2699992656707764
Step 0055 | t = 2.7500
Process 1: Solving nonlinear variational problem.
Process 3: Solving nonlinear variational problem.
Process 0: Solving nonlinear variational problem.
  Process 0: Newton iteration 0: r (abs) = 1.491e+02 (tol = 1.000e-08) r (rel) = 1.000e+00 (tol = 1.000e-08)
  Process 0: Newton iteration 1: r (abs) = 8.247e+00 (tol = 1.000e-08) r (rel) = 5.532e-02 (tol = 1.000e-08)
  Process 0: Newton iteration 2: r (abs) = 3.575e-01 (tol = 1.000e-08) r (rel) = 2.398e-03 (tol = 1.000e-08)
  Process 0: Newton iteration 3: r (abs) = 9.235e-03 (tol = 1.000e-08) r (rel) = 6.195e-05 (tol = 1.000e-08)
  Process 0: Newton iteration 4: r (abs) = 6.068e-06 (tol = 1.000e-08) r (rel) = 4.070e-08 (tol = 1.000e-08)
  Process 0: Newton iteration 5: r (abs) = 5.649e-11 (tol = 1.000e-08) r (rel) = 3.789e-13 (tol = 1.000e-08)
  Process 0: Newton solver finished in 5 iterations and 5 linear solver iterations.
Process 2: Solving nonlinear variational problem.
time spent in one time step =  2.690826892852783
Step 0056 | t = 2.8000
Process 1: Solving nonlinear variational problem.
Process 3: Solving nonlinear variational problem.
Process 0: Solving nonlinear variational problem.
  Process 0: Newton iteration 0: r (abs) = 1.440e+02 (tol = 1.000e-08) r (rel) = 1.000e+00 (tol = 1.000e-08)
  Process 0: Newton iteration 1: r (abs) = 9.620e+00 (tol = 1.000e-08) r (rel) = 6.683e-02 (tol = 1.000e-08)
  Process 0: Newton iteration 2: r (abs) = 1.770e-01 (tol = 1.000e-08) r (rel) = 1.229e-03 (tol = 1.000e-08)
  Process 0: Newton iteration 3: r (abs) = 3.260e-04 (tol = 1.000e-08) r (rel) = 2.265e-06 (tol = 1.000e-08)
  Process 0: Newton iteration 4: r (abs) = 1.642e-09 (tol = 1.000e-08) r (rel) = 1.141e-11 (tol = 1.000e-08)
  Process 0: Newton solver finished in 4 iterations and 4 linear solver iterations.
Process 2: Solving nonlinear variational problem.
time spent in one time step =  2.2529613971710205
Step 0057 | t = 2.8500
Process 1: Solving nonlinear variational problem.
Process 3: Solving nonlinear variational problem.
Process 0: Solving nonlinear variational problem.
  Process 0: Newton iteration 0: r (abs) = 1.779e+02 (tol = 1.000e-08) r (rel) = 1.000e+00 (tol = 1.000e-08)
  Process 0: Newton iteration 1: r (abs) = 2.006e+01 (tol = 1.000e-08) r (rel) = 1.128e-01 (tol = 1.000e-08)
  Process 0: Newton iteration 2: r (abs) = 3.480e-01 (tol = 1.000e-08) r (rel) = 1.957e-03 (tol = 1.000e-08)
  Process 0: Newton iteration 3: r (abs) = 3.724e-03 (tol = 1.000e-08) r (rel) = 2.094e-05 (tol = 1.000e-08)
  Process 0: Newton iteration 4: r (abs) = 7.210e-07 (tol = 1.000e-08) r (rel) = 4.053e-09 (tol = 1.000e-08)
  Process 0: Newton solver finished in 4 iterations and 4 linear solver iterations.
Process 2: Solving nonlinear variational problem.
time spent in one time step =  2.249027729034424
Step 0058 | t = 2.9000
Process 1: Solving nonlinear variational problem.
Process 3: Solving nonlinear variational problem.
Process 0: Solving nonlinear variational problem.
  Process 0: Newton iteration 0: r (abs) = 3.828e+02 (tol = 1.000e-08) r (rel) = 1.000e+00 (tol = 1.000e-08)
  Process 0: Newton iteration 1: r (abs) = 4.059e+01 (tol = 1.000e-08) r (rel) = 1.060e-01 (tol = 1.000e-08)
  Process 0: Newton iteration 2: r (abs) = 3.672e-01 (tol = 1.000e-08) r (rel) = 9.593e-04 (tol = 1.000e-08)
  Process 0: Newton iteration 3: r (abs) = 8.595e-04 (tol = 1.000e-08) r (rel) = 2.245e-06 (tol = 1.000e-08)
  Process 0: Newton iteration 4: r (abs) = 1.835e-08 (tol = 1.000e-08) r (rel) = 4.794e-11 (tol = 1.000e-08)
  Process 0: Newton solver finished in 4 iterations and 4 linear solver iterations.
Process 2: Solving nonlinear variational problem.
time spent in one time step =  2.2403500080108643
Step 0059 | t = 2.9500
Process 1: Solving nonlinear variational problem.
Process 3: Solving nonlinear variational problem.
Process 0: Solving nonlinear variational problem.
  Process 0: Newton iteration 0: r (abs) = 3.336e+02 (tol = 1.000e-08) r (rel) = 1.000e+00 (tol = 1.000e-08)
  Process 0: Newton iteration 1: r (abs) = 2.356e+02 (tol = 1.000e-08) r (rel) = 7.065e-01 (tol = 1.000e-08)
  Process 0: Newton iteration 2: r (abs) = 4.540e+02 (tol = 1.000e-08) r (rel) = 1.361e+00 (tol = 1.000e-08)
  Process 0: Newton iteration 3: r (abs) = 1.399e+02 (tol = 1.000e-08) r (rel) = 4.195e-01 (tol = 1.000e-08)
  Process 0: Newton iteration 4: r (abs) = 1.743e+02 (tol = 1.000e-08) r (rel) = 5.225e-01 (tol = 1.000e-08)
  Process 0: Newton iteration 5: r (abs) = 1.711e+02 (tol = 1.000e-08) r (rel) = 5.129e-01 (tol = 1.000e-08)
  Process 0: Newton iteration 6: r (abs) = 2.964e+02 (tol = 1.000e-08) r (rel) = 8.887e-01 (tol = 1.000e-08)
  Process 0: Newton iteration 7: r (abs) = 8.655e+03 (tol = 1.000e-08) r (rel) = 2.595e+01 (tol = 1.000e-08)
  Process 0: Newton iteration 8: r (abs) = 8.793e+04 (tol = 1.000e-08) r (rel) = 2.636e+02 (tol = 1.000e-08)
  Process 0: Newton iteration 9: r (abs) = 2.340e+04 (tol = 1.000e-08) r (rel) = 7.015e+01 (tol = 1.000e-08)
  Process 0: Newton iteration 10: r (abs) = 1.163e+06 (tol = 1.000e-08) r (rel) = 3.486e+03 (tol = 1.000e-08)
  Process 0: Newton iteration 11: r (abs) = 8.798e+06 (tol = 1.000e-08) r (rel) = 2.638e+04 (tol = 1.000e-08)
  Process 0: Newton iteration 12: r (abs) = 1.826e+08 (tol = 1.000e-08) r (rel) = 5.473e+05 (tol = 1.000e-08)
  Process 0: Newton iteration 13: r (abs) = 4.289e+08 (tol = 1.000e-08) r (rel) = 1.286e+06 (tol = 1.000e-08)
  Process 0: Newton iteration 14: r (abs) = 1.076e+08 (tol = 1.000e-08) r (rel) = 3.225e+05 (tol = 1.000e-08)
  Process 0: Newton iteration 15: r (abs) = 1.593e+08 (tol = 1.000e-08) r (rel) = 4.774e+05 (tol = 1.000e-08)
  Process 0: Newton iteration 16: r (abs) = 4.859e+09 (tol = 1.000e-08) r (rel) = 1.457e+07 (tol = 1.000e-08)
  Process 0: Newton iteration 17: r (abs) = 1.273e+09 (tol = 1.000e-08) r (rel) = 3.816e+06 (tol = 1.000e-08)
  Process 0: Newton iteration 18: r (abs) = 7.828e+08 (tol = 1.000e-08) r (rel) = 2.347e+06 (tol = 1.000e-08)
  Process 0: Newton iteration 19: r (abs) = 1.974e+08 (tol = 1.000e-08) r (rel) = 5.917e+05 (tol = 1.000e-08)
  Process 0: Newton iteration 20: r (abs) = 1.669e+10 (tol = 1.000e-08) r (rel) = 5.005e+07 (tol = 1.000e-08)
  Process 0: Newton iteration 21: r (abs) = 9.761e+10 (tol = 1.000e-08) r (rel) = 2.926e+08 (tol = 1.000e-08)
  Process 0: Newton iteration 22: r (abs) = 2.512e+10 (tol = 1.000e-08) r (rel) = 7.532e+07 (tol = 1.000e-08)
  Process 0: Newton iteration 23: r (abs) = 6.285e+09 (tol = 1.000e-08) r (rel) = 1.884e+07 (tol = 1.000e-08)
  Process 0: Newton iteration 24: r (abs) = 3.870e+11 (tol = 1.000e-08) r (rel) = 1.160e+09 (tol = 1.000e-08)
  Process 0: Newton iteration 25: r (abs) = 1.424e+12 (tol = 1.000e-08) r (rel) = 4.269e+09 (tol = 1.000e-08)
  Process 0: Newton iteration 26: r (abs) = 3.590e+11 (tol = 1.000e-08) r (rel) = 1.076e+09 (tol = 1.000e-08)
  Process 0: Newton iteration 27: r (abs) = 8.982e+10 (tol = 1.000e-08) r (rel) = 2.693e+08 (tol = 1.000e-08)
  Process 0: Newton iteration 28: r (abs) = 5.725e+14 (tol = 1.000e-08) r (rel) = 1.716e+12 (tol = 1.000e-08)
  Process 0: Newton iteration 29: r (abs) = 1.431e+14 (tol = 1.000e-08) r (rel) = 4.291e+11 (tol = 1.000e-08)
  Process 0: Newton iteration 30: r (abs) = 3.578e+13 (tol = 1.000e-08) r (rel) = 1.073e+11 (tol = 1.000e-08)
  Process 0: Newton iteration 31: r (abs) = 8.946e+12 (tol = 1.000e-08) r (rel) = 2.682e+10 (tol = 1.000e-08)
  Process 0: Newton iteration 32: r (abs) = 2.249e+12 (tol = 1.000e-08) r (rel) = 6.743e+09 (tol = 1.000e-08)
  Process 0: Newton iteration 33: r (abs) = 9.040e+11 (tol = 1.000e-08) r (rel) = 2.710e+09 (tol = 1.000e-08)
  Process 0: Newton iteration 34: r (abs) = 2.289e+11 (tol = 1.000e-08) r (rel) = 6.861e+08 (tol = 1.000e-08)
  Process 0: Newton iteration 35: r (abs) = 5.768e+10 (tol = 1.000e-08) r (rel) = 1.729e+08 (tol = 1.000e-08)
  Process 0: Newton iteration 36: r (abs) = 1.451e+10 (tol = 1.000e-08) r (rel) = 4.351e+07 (tol = 1.000e-08)
  Process 0: Newton iteration 37: r (abs) = 6.257e+10 (tol = 1.000e-08) r (rel) = 1.876e+08 (tol = 1.000e-08)
  Process 0: Newton iteration 38: r (abs) = 1.562e+10 (tol = 1.000e-08) r (rel) = 4.682e+07 (tol = 1.000e-08)
  Process 0: Newton iteration 39: r (abs) = 1.997e+13 (tol = 1.000e-08) r (rel) = 5.987e+10 (tol = 1.000e-08)
  Process 0: Newton iteration 40: r (abs) = 4.994e+12 (tol = 1.000e-08) r (rel) = 1.497e+10 (tol = 1.000e-08)
Traceback (most recent call last):
  File "/srv/beegfs/cluster/work/belank/projects/hydraulic-enceladus/src/main.py", line 374, in <module>
Traceback (most recent call last):
  File "/srv/beegfs/cluster/work/belank/projects/hydraulic-enceladus/src/main.py", line 374, in <module>
Traceback (most recent call last):
  File "/srv/beegfs/cluster/work/belank/projects/hydraulic-enceladus/src/main.py", line 374, in <module>
Traceback (most recent call last):
  File "/srv/beegfs/cluster/work/belank/projects/hydraulic-enceladus/src/main.py", line 374, in <module>
    main(args.outdir)
  File "/srv/beegfs/cluster/work/belank/projects/hydraulic-enceladus/src/main.py", line 342, in main
    main(args.outdir)
  File "/srv/beegfs/cluster/work/belank/projects/hydraulic-enceladus/src/main.py", line 342, in main
    main(args.outdir)
  File "/srv/beegfs/cluster/work/belank/projects/hydraulic-enceladus/src/main.py", line 342, in main
    main(args.outdir)
  File "/srv/beegfs/cluster/work/belank/projects/hydraulic-enceladus/src/main.py", line 342, in main
    solver.solve()
    solver.solve()
RuntimeError: 

*** -------------------------------------------------------------------------
*** DOLFIN encountered an error. If you are not able to resolve this issue
*** using the information listed below, you can ask for help at
***
***     fenics-support@googlegroups.com
***
*** Remember to include the error message listed below and, if possible,
*** include a *minimal* running example to reproduce the error.
***
*** -------------------------------------------------------------------------
*** Error:   Unable to solve nonlinear system with NewtonSolver.
*** Reason:  Newton solver did not converge because maximum number of iterations reached.
*** Where:   This error was encountered inside NewtonSolver.cpp.
*** Process: 0
*** 
*** DOLFIN version: 2019.2.0.dev0
*** Git changeset:  fd662efc1c0ddefa341c1dac753f717f6b6292a8
*** -------------------------------------------------------------------------

    solver.solve()
RuntimeError: 

*** -------------------------------------------------------------------------
*** DOLFIN encountered an error. If you are not able to resolve this issue
*** using the information listed below, you can ask for help at
***
***     fenics-support@googlegroups.com
***
*** Remember to include the error message listed below and, if possible,
*** include a *minimal* running example to reproduce the error.
***
*** -------------------------------------------------------------------------
*** Error:   Unable to solve nonlinear system with NewtonSolver.
*** Reason:  Newton solver did not converge because maximum number of iterations reached.
*** Where:   This error was encountered inside NewtonSolver.cpp.
*** Process: 1
*** 
*** DOLFIN version: 2019.2.0.dev0
*** Git changeset:  fd662efc1c0ddefa341c1dac753f717f6b6292a8
*** -------------------------------------------------------------------------

RuntimeError: 

*** -------------------------------------------------------------------------
*** DOLFIN encountered an error. If you are not able to resolve this issue
*** using the information listed below, you can ask for help at
***
***     fenics-support@googlegroups.com
***
*** Remember to include the error message listed below and, if possible,
*** include a *minimal* running example to reproduce the error.
***
*** -------------------------------------------------------------------------
*** Error:   Unable to solve nonlinear system with NewtonSolver.
*** Reason:  Newton solver did not converge because maximum number of iterations reached.
*** Where:   This error was encountered inside NewtonSolver.cpp.
*** Process: 2
*** 
*** DOLFIN version: 2019.2.0.dev0
*** Git changeset:  fd662efc1c0ddefa341c1dac753f717f6b6292a8
*** -------------------------------------------------------------------------

    solver.solve()
RuntimeError: 

*** -------------------------------------------------------------------------
*** DOLFIN encountered an error. If you are not able to resolve this issue
*** using the information listed below, you can ask for help at
***
***     fenics-support@googlegroups.com
***
*** Remember to include the error message listed below and, if possible,
*** include a *minimal* running example to reproduce the error.
***
*** -------------------------------------------------------------------------
*** Error:   Unable to solve nonlinear system with NewtonSolver.
*** Reason:  Newton solver did not converge because maximum number of iterations reached.
*** Where:   This error was encountered inside NewtonSolver.cpp.
*** Process: 3
*** 
*** DOLFIN version: 2019.2.0.dev0
*** Git changeset:  fd662efc1c0ddefa341c1dac753f717f6b6292a8
*** -------------------------------------------------------------------------

srun: error: r47: tasks 0-3: Exited with exit code 1
srun: launch/slurm: _step_signal: Terminating StepId=411974.0
